/*C11*/SET SCHEMA PUBLIC
DISCONNECT
/*C12*/SET SCHEMA PUBLIC
DISCONNECT
/*C13*/SET SCHEMA PUBLIC
DISCONNECT
/*C14*/SET SCHEMA PUBLIC
DISCONNECT
/*C15*/SET SCHEMA PUBLIC
DISCONNECT
/*C16*/SET SCHEMA PUBLIC
DISCONNECT
/*C17*/SET SCHEMA PUBLIC
CREATE TABLE PUBLIC.table_name\u000a(\u000a  id int PRIMARY KEY IDENTITY,\u000a  name varchar(255)\u000a)
/*C18*/SET SCHEMA PUBLIC
DISCONNECT
/*C19*/SET SCHEMA PUBLIC
ALTER TABLE PUBLIC.TABLE_NAME ADD status varchar(255) NULL
DISCONNECT
/*C20*/SET SCHEMA PUBLIC
DISCONNECT
/*C21*/SET SCHEMA PUBLIC
ALTER TABLE PUBLIC.TABLE_NAME ADD PRIORITY int NULL
DISCONNECT
/*C22*/SET SCHEMA PUBLIC
DISCONNECT
